<?xml version="1.0" encoding="UTF-8"?>
<testsuite xmlns:xsi="http://www.w3.org/2001/XMLSchema-instance" xsi:noNamespaceSchemaLocation="https://maven.apache.org/surefire/maven-surefire-plugin/xsd/surefire-test-report-3.0.xsd" version="3.0" name="org.bank.service.CustomerServiceImplTest" time="0.02" tests="15" errors="0" skipped="0" failures="0">
  <properties>
[...]
</properties>
  <testcase name="testDeleteCustomer_Success" classname="org.bank.service.CustomerServiceImplTest" time="0.008"/>
  <testcase name="testFindAll_ReturnsList" classname="org.bank.service.CustomerServiceImplTest" time="0.0"/>
  <testcase name="testUpdateCustomer_Success" classname="org.bank.service.CustomerServiceImplTest" time="0.003"/>
  <testcase name="testAddCustomer_InvalidAadhar" classname="org.bank.service.CustomerServiceImplTest" time="0.0"/>
  <testcase name="testAddCustomer_BlankEmail" classname="org.bank.service.CustomerServiceImplTest" time="0.003"/>
  <testcase name="testAddCustomer_BlankAddress" classname="org.bank.service.CustomerServiceImplTest" time="0.0"/>
  <testcase name="testAddCustomer_DuplicateThrowsException" classname="org.bank.service.CustomerServiceImplTest" time="0.002"/>
  <testcase name="testDeleteCustomer_NotFoundThrowsException" classname="org.bank.service.CustomerServiceImplTest" time="0.0"/>
  <testcase name="testAddCustomer_Success" classname="org.bank.service.CustomerServiceImplTest" time="0.0"/>
  <testcase name="testFindById_Success" classname="org.bank.service.CustomerServiceImplTest" time="0.0"/>
  <testcase name="testFindById_NotFoundThrowsException" classname="org.bank.service.CustomerServiceImplTest" time="0.0"/>
  <testcase name="testUpdateCustomer_NotFoundThrowsException" classname="org.bank.service.CustomerServiceImplTest" time="0.0"/>
  <testcase name="testAddCustomer_EmptyOptionalThrowsDuplicateException" classname="org.bank.service.CustomerServiceImplTest" time="0.0"/>
  <testcase name="testAddCustomer_InvalidPhone" classname="org.bank.service.CustomerServiceImplTest" time="0.0"/>
  <testcase name="testAddCustomer_InvalidName" classname="org.bank.service.CustomerServiceImplTest" time="0.0"/>
</testsuite>